[debug] [2026-04-30T17:45:54.144Z] ----------------------------------------------------------------------
[debug] [2026-04-30T17:45:54.150Z] Command:       C:\Program Files\nodejs\node.exe C:\Users\charl\AppData\Roaming\npm\node_modules\firebase-tools\lib\bin\firebase.js init emulators
[debug] [2026-04-30T17:45:54.150Z] CLI Version:   15.16.0
[debug] [2026-04-30T17:45:54.151Z] Platform:      win32
[debug] [2026-04-30T17:45:54.151Z] Node Version:  v24.14.0
[debug] [2026-04-30T17:45:54.151Z] Time:          Thu Apr 30 2026 11:45:54 GMT-0600 (hora estándar central)
[debug] [2026-04-30T17:45:54.151Z] ----------------------------------------------------------------------
[debug] 
[debug] [2026-04-30T17:45:54.154Z] >>> [apiv2][query] GET https://firebase-public.firebaseio.com/cli.json [none]
[info] 
     ######## #### ########  ######## ########     ###     ######  ########
     ##        ##  ##     ## ##       ##     ##  ##   ##  ##       ##
     ######    ##  ########  ######   ########  #########  ######  ######
     ##        ##  ##    ##  ##       ##     ## ##     ##       ## ##
     ##       #### ##     ## ######## ########  ##     ##  ######  ########

You're about to initialize a Firebase project in this directory:

  C:\Users\charl\OneDrive\Escritorio\CityPlaceMontessoriSchool\montessori

[debug] [2026-04-30T17:46:04.125Z] <<< [apiv2][status] GET https://firebase-public.firebaseio.com/cli.json 200
[debug] [2026-04-30T17:46:04.125Z] <<< [apiv2][body] GET https://firebase-public.firebaseio.com/cli.json {"cloudBuildErrorAfter":1594252800000,"cloudBuildWarnAfter":1590019200000,"defaultNode10After":1594252800000,"minVersion":"3.0.5","node8DeploysDisabledAfter":1613390400000,"node8RuntimeDisabledAfter":1615809600000,"node8WarnAfter":1600128000000}
[info] 
=== Project Setup
[info] 
[info] First, let's associate this project directory with a Firebase project.
[info] You can create multiple project aliases by running firebase use --add, 
[info] 
[debug] [2026-04-30T17:46:10.556Z] > command requires scopes: ["email","openid","https://www.googleapis.com/auth/cloudplatformprojects.readonly","https://www.googleapis.com/auth/firebase","https://www.googleapis.com/auth/cloud-platform"]
[debug] [2026-04-30T17:46:10.557Z] > authorizing via signed-in user (montessorischoolcityplace@gmail.com)
[debug] [2026-04-30T17:46:10.558Z] Checked if tokens are valid: false, expires at: 1776100284636
[debug] [2026-04-30T17:46:10.558Z] Checked if tokens are valid: false, expires at: 1776100284636
[debug] [2026-04-30T17:46:10.558Z] > refreshing access token with scopes: []
[debug] [2026-04-30T17:46:10.559Z] >>> [apiv2][query] POST https://www.googleapis.com/oauth2/v3/token [none]
[debug] [2026-04-30T17:46:10.559Z] >>> [apiv2][body] POST https://www.googleapis.com/oauth2/v3/token [omitted]
[debug] [2026-04-30T17:46:10.733Z] <<< [apiv2][status] POST https://www.googleapis.com/oauth2/v3/token 200
[debug] [2026-04-30T17:46:10.733Z] <<< [apiv2][body] POST https://www.googleapis.com/oauth2/v3/token [omitted]
[debug] [2026-04-30T17:46:10.749Z] >>> [apiv2][query] GET https://firebase.googleapis.com/v1beta1/projects/montessoridallas [none]
[debug] [2026-04-30T17:46:11.047Z] <<< [apiv2][status] GET https://firebase.googleapis.com/v1beta1/projects/montessoridallas 200
[debug] [2026-04-30T17:46:11.047Z] <<< [apiv2][body] GET https://firebase.googleapis.com/v1beta1/projects/montessoridallas {"projectId":"montessoridallas","projectNumber":"677762028366","displayName":"montessoridallas","name":"projects/montessoridallas","resources":{"hostingSite":"montessoridallas"},"state":"ACTIVE","etag":"1_6031f687-0c1d-4c14-bd0e-36edf5e71e19"}
[info] i  Using project montessoridallas (montessoridallas) . 
[info] 
=== Emulators Setup
